C:\Program Files (x86)\Microsoft Visual Studio\2019\Professional\MSBuild\Microsoft\VC\v160\Microsoft.CppBuild.targets(1091,5): warning MSB8027: Two or more files with the name of EulerAngles.c will produce outputs to the same location. This can lead to an incorrect build result.  The files involved are temp\positioncontrollerpan\EulerAngles.c, temp\positioncontrollertilt\EulerAngles.c.
C:\Program Files (x86)\Microsoft Visual Studio\2019\Professional\MSBuild\Microsoft\VC\v160\Microsoft.CppBuild.targets(1091,5): warning MSB8027: Two or more files with the name of motionprofiles.c will produce outputs to the same location. This can lead to an incorrect build result.  The files involved are temp\positioncontrollerpan\motionprofiles.c, temp\positioncontrollertilt\motionprofiles.c.
C:\Program Files (x86)\Microsoft Visual Studio\2019\Professional\MSBuild\Microsoft\VC\v160\Microsoft.CppBuild.targets(1091,5): warning MSB8027: Two or more files with the name of xxfuncs.c will produce outputs to the same location. This can lead to an incorrect build result.  The files involved are temp\positioncontrollerpan\xxfuncs.c, temp\positioncontrollertilt\xxfuncs.c.
C:\Program Files (x86)\Microsoft Visual Studio\2019\Professional\MSBuild\Microsoft\VC\v160\Microsoft.CppBuild.targets(1091,5): warning MSB8027: Two or more files with the name of xxinteg.c will produce outputs to the same location. This can lead to an incorrect build result.  The files involved are temp\positioncontrollerpan\xxinteg.c, temp\positioncontrollertilt\xxinteg.c.
C:\Program Files (x86)\Microsoft Visual Studio\2019\Professional\MSBuild\Microsoft\VC\v160\Microsoft.CppBuild.targets(1091,5): warning MSB8027: Two or more files with the name of xxinverse.c will produce outputs to the same location. This can lead to an incorrect build result.  The files involved are temp\positioncontrollerpan\xxinverse.c, temp\positioncontrollertilt\xxinverse.c.
C:\Program Files (x86)\Microsoft Visual Studio\2019\Professional\MSBuild\Microsoft\VC\v160\Microsoft.CppBuild.targets(1091,5): warning MSB8027: Two or more files with the name of xxmain.c will produce outputs to the same location. This can lead to an incorrect build result.  The files involved are temp\positioncontrollerpan\xxmain.c, temp\positioncontrollertilt\xxmain.c.
C:\Program Files (x86)\Microsoft Visual Studio\2019\Professional\MSBuild\Microsoft\VC\v160\Microsoft.CppBuild.targets(1091,5): warning MSB8027: Two or more files with the name of xxmatrix.c will produce outputs to the same location. This can lead to an incorrect build result.  The files involved are temp\positioncontrollerpan\xxmatrix.c, temp\positioncontrollertilt\xxmatrix.c.
C:\Program Files (x86)\Microsoft Visual Studio\2019\Professional\MSBuild\Microsoft\VC\v160\Microsoft.CppBuild.targets(1091,5): warning MSB8027: Two or more files with the name of xxmodel.c will produce outputs to the same location. This can lead to an incorrect build result.  The files involved are temp\positioncontrollerpan\xxmodel.c, temp\positioncontrollertilt\xxmodel.c.
C:\Program Files (x86)\Microsoft Visual Studio\2019\Professional\MSBuild\Microsoft\VC\v160\Microsoft.CppBuild.targets(1091,5): warning MSB8027: Two or more files with the name of xxsubmod.c will produce outputs to the same location. This can lead to an incorrect build result.  The files involved are temp\positioncontrollerpan\xxsubmod.c, temp\positioncontrollertilt\xxsubmod.c.
  EncoderPWMTest.c
C:\Users\stijn\Documents\MASTER EMSYS\ESL\inmain\vision-pan-tilt\nios\on_nios_flash\EncoderPWMTest.c(10,10): fatal error C1083: Cannot open include file: 'unistd.h': No such file or directory
  main.c
C:\Users\stijn\Documents\MASTER EMSYS\ESL\inmain\vision-pan-tilt\nios\on_nios_flash\main.c(19,10): fatal error C1083: Cannot open include file: 'unistd.h': No such file or directory
  EulerAngles.c
  motionprofiles.c
  xxfuncs.c
  xxinteg.c
  xxinverse.c
  xxmain.c
C:\Users\stijn\Documents\MASTER EMSYS\ESL\inmain\vision-pan-tilt\nios\on_nios_flash\temp\positioncontrollerpan\xxmain.c(59,1): warning C4244: 'initializing': conversion from 'XXDouble' to 'float', possible loss of data
C:\Users\stijn\Documents\MASTER EMSYS\ESL\inmain\vision-pan-tilt\nios\on_nios_flash\temp\positioncontrollerpan\xxmain.c(60,1): warning C4244: 'initializing': conversion from 'XXDouble' to 'float', possible loss of data
  xxmatrix.c
  xxmodel.c
  xxsubmod.c
  EulerAngles.c
  motionprofiles.c
  xxfuncs.c
  xxinteg.c
  xxinverse.c
  xxmain.c
  xxmatrix.c
  xxmodel.c
  xxsubmod.c
  Generating Code...
